TN:
SF:src\controllers\postController.js
FN:4,(anonymous_0)
FN:14,(anonymous_1)
FN:31,(anonymous_2)
FN:46,(anonymous_3)
FN:68,(anonymous_4)
FN:85,(anonymous_5)
FNF:6
FNH:3
FNDA:1,(anonymous_0)
FNDA:1,(anonymous_1)
FNDA:1,(anonymous_2)
FNDA:0,(anonymous_3)
FNDA:0,(anonymous_4)
FNDA:0,(anonymous_5)
DA:1,1
DA:4,1
DA:5,1
DA:6,1
DA:7,1
DA:9,0
DA:14,1
DA:15,1
DA:17,1
DA:18,0
DA:21,1
DA:22,1
DA:23,1
DA:24,1
DA:26,0
DA:31,1
DA:32,1
DA:34,1
DA:35,1
DA:36,1
DA:37,0
DA:39,1
DA:41,0
DA:46,1
DA:47,0
DA:48,0
DA:50,0
DA:51,0
DA:57,0
DA:58,0
DA:61,0
DA:63,0
DA:68,1
DA:69,0
DA:71,0
DA:72,0
DA:74,0
DA:75,0
DA:78,0
DA:80,0
DA:85,1
DA:86,0
DA:88,0
DA:89,0
DA:92,0
DA:93,0
DA:100,0
DA:102,0
LF:48
LH:21
BRDA:17,0,0,0
BRDA:17,0,1,1
BRDA:17,1,0,1
BRDA:17,1,1,1
BRDA:17,1,2,1
BRDA:36,2,0,0
BRDA:36,2,1,1
BRDA:57,3,0,0
BRDA:57,3,1,0
BRDA:74,4,0,0
BRDA:74,4,1,0
BRDA:88,5,0,0
BRDA:88,5,1,0
BRDA:88,6,0,0
BRDA:88,6,1,0
BRF:15
BRH:5
end_of_record
TN:
SF:src\models\Post.js
FNF:0
FNH:0
DA:1,1
DA:3,1
DA:22,1
LF:3
LH:3
BRF:0
BRH:0
end_of_record
TN:
SF:src\routes\postRoutes.js
FNF:0
FNH:0
DA:1,1
DA:2,1
DA:3,1
DA:6,1
DA:8,1
DA:10,1
DA:12,1
DA:14,1
DA:16,1
DA:19,1
LF:10
LH:10
BRF:0
BRH:0
end_of_record
